0 info it worked if it ends with ok
1 verbose cli [ '/usr/local/Cellar/node/7.5.0/bin/node',
1 verbose cli   '/usr/local/bin/npm',
1 verbose cli   'run',
1 verbose cli   'dev-staging' ]
2 info using npm@4.1.2
3 info using node@v7.5.0
4 verbose run-script [ 'predev-staging', 'dev-staging', 'postdev-staging' ]
5 info lifecycle meteor-starter-kit@~predev-staging: meteor-starter-kit@
6 silly lifecycle meteor-starter-kit@~predev-staging: no script for predev-staging, continuing
7 info lifecycle meteor-starter-kit@~dev-staging: meteor-starter-kit@
8 verbose lifecycle meteor-starter-kit@~dev-staging: unsafe-perm in lifecycle true
9 verbose lifecycle meteor-starter-kit@~dev-staging: PATH: /usr/local/lib/node_modules/npm/bin/node-gyp-bin:/Users/arcomito/Desktop/websites-dev/freelance/truelife-web/node_modules/.bin:/Users/arcomito/.rvm/gems/ruby-2.1.1/bin:/Users/arcomito/.rvm/gems/ruby-2.1.1@global/bin:/Users/arcomito/.rvm/rubies/ruby-2.1.1/bin:/usr/local/bin:/usr/bin:/bin:/usr/sbin:/sbin:/opt/X11/bin:/Users/arcomito/.rvm/bin
10 verbose lifecycle meteor-starter-kit@~dev-staging: CWD: /Users/arcomito/Desktop/websites-dev/freelance/truelife-web
11 silly lifecycle meteor-starter-kit@~dev-staging: Args: [ '-c',
11 silly lifecycle   'DEPLOY_HOSTNAME=galaxy.meteor.com meteor deploy truelife.meteorapp.com --settings settings-dev.json' ]
12 silly lifecycle meteor-starter-kit@~dev-staging: Returned: code: 1  signal: null
13 info lifecycle meteor-starter-kit@~dev-staging: Failed to exec dev-staging script
14 verbose stack Error: meteor-starter-kit@ dev-staging: `DEPLOY_HOSTNAME=galaxy.meteor.com meteor deploy truelife.meteorapp.com --settings settings-dev.json`
14 verbose stack Exit status 1
14 verbose stack     at EventEmitter.<anonymous> (/usr/local/lib/node_modules/npm/lib/utils/lifecycle.js:279:16)
14 verbose stack     at emitTwo (events.js:106:13)
14 verbose stack     at EventEmitter.emit (events.js:192:7)
14 verbose stack     at ChildProcess.<anonymous> (/usr/local/lib/node_modules/npm/lib/utils/spawn.js:40:14)
14 verbose stack     at emitTwo (events.js:106:13)
14 verbose stack     at ChildProcess.emit (events.js:192:7)
14 verbose stack     at maybeClose (internal/child_process.js:890:16)
14 verbose stack     at Process.ChildProcess._handle.onexit (internal/child_process.js:226:5)
15 verbose pkgid meteor-starter-kit@
16 verbose cwd /Users/arcomito/Desktop/websites-dev/freelance/truelife-web
17 error Darwin 16.5.0
18 error argv "/usr/local/Cellar/node/7.5.0/bin/node" "/usr/local/bin/npm" "run" "dev-staging"
19 error node v7.5.0
20 error npm  v4.1.2
21 error code ELIFECYCLE
22 error meteor-starter-kit@ dev-staging: `DEPLOY_HOSTNAME=galaxy.meteor.com meteor deploy truelife.meteorapp.com --settings settings-dev.json`
22 error Exit status 1
23 error Failed at the meteor-starter-kit@ dev-staging script 'DEPLOY_HOSTNAME=galaxy.meteor.com meteor deploy truelife.meteorapp.com --settings settings-dev.json'.
23 error Make sure you have the latest version of node.js and npm installed.
23 error If you do, this is most likely a problem with the meteor-starter-kit package,
23 error not with npm itself.
23 error Tell the author that this fails on your system:
23 error     DEPLOY_HOSTNAME=galaxy.meteor.com meteor deploy truelife.meteorapp.com --settings settings-dev.json
23 error You can get information on how to open an issue for this project with:
23 error     npm bugs meteor-starter-kit
23 error Or if that isn't available, you can get their info via:
23 error     npm owner ls meteor-starter-kit
23 error There is likely additional logging output above.
24 verbose exit [ 1, true ]
